--------------------------------------------------------------------------------
Release 14.7 Trace  (nt64)
Copyright (c) 1995-2013 Xilinx, Inc.  All rights reserved.

C:\Xilinx\14.7\ISE_DS\ISE\bin\nt64\unwrapped\trce.exe -intstyle ise -v 3 -s 5
-n 3 -fastpaths -xml LCD_NHIET_DO_DS18B20.twx LCD_NHIET_DO_DS18B20.ncd -o
LCD_NHIET_DO_DS18B20.twr LCD_NHIET_DO_DS18B20.pcf -ucf EDA_XC3S500E_PQ208.ucf

Design file:              LCD_NHIET_DO_DS18B20.ncd
Physical constraint file: LCD_NHIET_DO_DS18B20.pcf
Device,package,speed:     xc3s500e,pq208,-5 (PRODUCTION 1.27 2013-10-13)
Report level:             verbose report

Environment Variable      Effect 
--------------------      ------ 
NONE                      No environment variables were set
--------------------------------------------------------------------------------

INFO:Timing:2698 - No timing constraints found, doing default enumeration.
INFO:Timing:3412 - To improve timing, see the Timing Closure User Guide (UG612).
INFO:Timing:2752 - To get complete path coverage, use the unconstrained paths 
   option. All paths that are not constrained will be reported in the 
   unconstrained paths section(s) of the report.
INFO:Timing:3339 - The clock-to-out numbers in this timing report are based on 
   a 50 Ohm transmission line loading model.  For the details of this model, 
   and for more information on accounting for different loading conditions, 
   please see the device datasheet.
INFO:Timing:3390 - This architecture does not support a default System Jitter 
   value, please add SYSTEM_JITTER constraint to the UCF to modify the Clock 
   Uncertainty calculation.
INFO:Timing:3389 - This architecture does not support 'Discrete Jitter' and 
   'Phase Error' calculations, these terms will be zero in the Clock 
   Uncertainty calculation.  Please make appropriate modification to 
   SYSTEM_JITTER to account for the unsupported Discrete Jitter and Phase 
   Error.



Data Sheet report:
-----------------
All values displayed in nanoseconds (ns)

Setup/Hold to clock CKHT
------------+------------+------------+------------------+--------+
            |Max Setup to|Max Hold to |                  | Clock  |
Source      | clk (edge) | clk (edge) |Internal Clock(s) | Phase  |
------------+------------+------------+------------------+--------+
BTN_N<0>    |    4.945(R)|    0.005(R)|CKHT_BUFGP        |   0.000|
            |    2.392(F)|    0.121(F)|CKHT_BUFGP        |   0.000|
BTN_N<1>    |    2.243(F)|    0.976(F)|CKHT_BUFGP        |   0.000|
BTN_N<2>    |    3.165(F)|    0.341(F)|CKHT_BUFGP        |   0.000|
DS18B20     |    2.483(R)|   -0.387(R)|CKHT_BUFGP        |   0.000|
------------+------------+------------+------------------+--------+

Clock CKHT to Pad
------------+------------+------------------+--------+
            | clk (edge) |                  | Clock  |
Destination |   to PAD   |Internal Clock(s) | Phase  |
------------+------------+------------------+--------+
DECIMAL<0>  |    7.015(R)|CKHT_BUFGP        |   0.000|
DECIMAL<1>  |    6.765(R)|CKHT_BUFGP        |   0.000|
DECIMAL<2>  |    7.573(R)|CKHT_BUFGP        |   0.000|
DECIMAL<3>  |    7.082(R)|CKHT_BUFGP        |   0.000|
DS18B20     |    8.290(R)|CKHT_BUFGP        |   0.000|
LCD_DB<0>   |    7.966(F)|CKHT_BUFGP        |   0.000|
LCD_DB<1>   |    8.371(F)|CKHT_BUFGP        |   0.000|
LCD_DB<2>   |    7.967(F)|CKHT_BUFGP        |   0.000|
LCD_DB<3>   |    8.107(F)|CKHT_BUFGP        |   0.000|
LCD_DB<4>   |    7.365(F)|CKHT_BUFGP        |   0.000|
LCD_DB<5>   |    8.806(F)|CKHT_BUFGP        |   0.000|
LCD_DB<6>   |    7.371(F)|CKHT_BUFGP        |   0.000|
LCD_DB<7>   |    8.045(F)|CKHT_BUFGP        |   0.000|
LCD_E       |    8.205(F)|CKHT_BUFGP        |   0.000|
LCD_RS      |    8.383(F)|CKHT_BUFGP        |   0.000|
------------+------------+------------------+--------+

Clock to Setup on destination clock CKHT
---------------+---------+---------+---------+---------+
               | Src:Rise| Src:Fall| Src:Rise| Src:Fall|
Source Clock   |Dest:Rise|Dest:Rise|Dest:Fall|Dest:Fall|
---------------+---------+---------+---------+---------+
CKHT           |   12.283|         |   13.500|   14.826|
---------------+---------+---------+---------+---------+


Analysis completed Fri Dec 07 16:39:09 2018 
--------------------------------------------------------------------------------

Trace Settings:
-------------------------
Trace Settings 

Peak Memory Usage: 4526 MB



