--------------------------------------------------------------------------------
Release 14.7 Trace  (nt64)
Copyright (c) 1995-2013 Xilinx, Inc.  All rights reserved.

C:\Xilinx\14.7\ISE_DS\ISE\bin\nt64\unwrapped\trce.exe -intstyle ise -v 3 -s 5
-n 3 -fastpaths -xml LCD_NHIET_DO_DS18B20.twx LCD_NHIET_DO_DS18B20.ncd -o
LCD_NHIET_DO_DS18B20.twr LCD_NHIET_DO_DS18B20.pcf -ucf EDA_XC3S500E_PQ208.ucf

Design file:              LCD_NHIET_DO_DS18B20.ncd
Physical constraint file: LCD_NHIET_DO_DS18B20.pcf
Device,package,speed:     xc3s500e,pq208,-5 (PRODUCTION 1.27 2013-10-13)
Report level:             verbose report

Environment Variable      Effect 
--------------------      ------ 
NONE                      No environment variables were set
--------------------------------------------------------------------------------

INFO:Timing:2698 - No timing constraints found, doing default enumeration.
INFO:Timing:3412 - To improve timing, see the Timing Closure User Guide (UG612).
INFO:Timing:2752 - To get complete path coverage, use the unconstrained paths 
   option. All paths that are not constrained will be reported in the 
   unconstrained paths section(s) of the report.
INFO:Timing:3339 - The clock-to-out numbers in this timing report are based on 
   a 50 Ohm transmission line loading model.  For the details of this model, 
   and for more information on accounting for different loading conditions, 
   please see the device datasheet.
INFO:Timing:3390 - This architecture does not support a default System Jitter 
   value, please add SYSTEM_JITTER constraint to the UCF to modify the Clock 
   Uncertainty calculation.
INFO:Timing:3389 - This architecture does not support 'Discrete Jitter' and 
   'Phase Error' calculations, these terms will be zero in the Clock 
   Uncertainty calculation.  Please make appropriate modification to 
   SYSTEM_JITTER to account for the unsupported Discrete Jitter and Phase 
   Error.



Data Sheet report:
-----------------
All values displayed in nanoseconds (ns)

Setup/Hold to clock CKHT
------------+------------+------------+------------------+--------+
            |Max Setup to|Max Hold to |                  | Clock  |
Source      | clk (edge) | clk (edge) |Internal Clock(s) | Phase  |
------------+------------+------------+------------------+--------+
BTN_N<0>    |    6.269(R)|    0.158(R)|CKHT_BUFGP        |   0.000|
            |    1.892(F)|    0.169(F)|CKHT_BUFGP        |   0.000|
BTN_N<1>    |    3.524(F)|    0.577(F)|CKHT_BUFGP        |   0.000|
BTN_N<2>    |    3.957(F)|    0.766(F)|CKHT_BUFGP        |   0.000|
DS18B20     |    2.009(R)|   -0.326(R)|CKHT_BUFGP        |   0.000|
------------+------------+------------+------------------+--------+

Clock CKHT to Pad
------------+------------+------------------+--------+
            | clk (edge) |                  | Clock  |
Destination |   to PAD   |Internal Clock(s) | Phase  |
------------+------------+------------------+--------+
DECIMAL<0>  |    7.419(R)|CKHT_BUFGP        |   0.000|
DECIMAL<1>  |    6.519(R)|CKHT_BUFGP        |   0.000|
DECIMAL<2>  |    7.363(R)|CKHT_BUFGP        |   0.000|
DECIMAL<3>  |    6.922(R)|CKHT_BUFGP        |   0.000|
DS18B20     |    8.212(R)|CKHT_BUFGP        |   0.000|
LCD_DB<0>   |    8.107(F)|CKHT_BUFGP        |   0.000|
LCD_DB<1>   |    8.298(F)|CKHT_BUFGP        |   0.000|
LCD_DB<2>   |    8.285(F)|CKHT_BUFGP        |   0.000|
LCD_DB<3>   |    8.228(F)|CKHT_BUFGP        |   0.000|
LCD_DB<4>   |    8.095(F)|CKHT_BUFGP        |   0.000|
LCD_DB<5>   |    9.406(F)|CKHT_BUFGP        |   0.000|
LCD_DB<6>   |    7.966(F)|CKHT_BUFGP        |   0.000|
LCD_DB<7>   |    8.321(F)|CKHT_BUFGP        |   0.000|
LCD_E       |    8.436(F)|CKHT_BUFGP        |   0.000|
LCD_RS      |    7.191(F)|CKHT_BUFGP        |   0.000|
------------+------------+------------------+--------+

Clock to Setup on destination clock CKHT
---------------+---------+---------+---------+---------+
               | Src:Rise| Src:Fall| Src:Rise| Src:Fall|
Source Clock   |Dest:Rise|Dest:Rise|Dest:Fall|Dest:Fall|
---------------+---------+---------+---------+---------+
CKHT           |   11.223|         |   13.337|   17.876|
---------------+---------+---------+---------+---------+


Analysis completed Fri Dec 07 15:27:07 2018 
--------------------------------------------------------------------------------

Trace Settings:
-------------------------
Trace Settings 

Peak Memory Usage: 4526 MB



